2026-07-01 12:43:23,548 - binance_bot - INFO - Init client with base URL: https://testnet.binancefuture.com
2026-07-01 12:43:23,549 - binance_bot - INFO - Placing MARKET BUY order: 0.001 BTCUSDT
2026-07-01 12:43:23,550 - binance_bot - DEBUG - Request parameters: {'symbol': 'BTCUSDT', 'side': 'BUY', 'type': 'MARKET', 'quantity': 0.001}
2026-07-01 12:43:24,534 - binance_bot - INFO - Order placed successfully. ID: 18179792672
2026-07-01 12:43:24,534 - binance_bot - DEBUG - API response: {'orderId': 18179792672, 'symbol': 'BTCUSDT', 'status': 'NEW', 'clientOrderId': 'ysd24CvvKke7rqiHlRCy9Z', 'price': '0.00', 'origQty': '0.0010', 'executedQty': '0.0000', 'cumQty': '0.0000', 'timeInForce': 'GTC', 'type': 'MARKET', 'reduceOnly': False, 'closePosition': False, 'side': 'BUY', 'positionSide': 'BOTH', 'stopPrice': '0.00', 'workingType': 'CONTRACT_PRICE', 'priceProtect': False, 'origType': 'MARKET', 'priceMatch': 'NONE', 'selfTradePreventionMode': 'EXPIRE_MAKER', 'goodTillDate': 0, 'updateTime': 1782890004329}
2026-07-01 12:43:30,458 - binance_bot - INFO - Init client with base URL: https://testnet.binancefuture.com
2026-07-01 12:43:30,458 - binance_bot - INFO - Placing LIMIT SELL order: 0.001 BTCUSDT
2026-07-01 12:43:30,458 - binance_bot - DEBUG - Request parameters: {'symbol': 'BTCUSDT', 'side': 'SELL', 'type': 'LIMIT', 'quantity': 0.001, 'price': 100000.0, 'timeInForce': 'GTC'}
2026-07-01 12:43:31,474 - binance_bot - INFO - Order placed successfully. ID: 18179800894
2026-07-01 12:43:31,474 - binance_bot - DEBUG - API response: {'orderId': 18179800894, 'symbol': 'BTCUSDT', 'status': 'NEW', 'clientOrderId': 'Szl4bfahdyPLPislEcsBef', 'price': '100000.00', 'origQty': '0.0010', 'executedQty': '0.0000', 'cumQty': '0.0000', 'timeInForce': 'GTC', 'type': 'LIMIT', 'reduceOnly': False, 'closePosition': False, 'side': 'SELL', 'positionSide': 'BOTH', 'stopPrice': '0.00', 'workingType': 'CONTRACT_PRICE', 'priceProtect': False, 'origType': 'LIMIT', 'priceMatch': 'NONE', 'selfTradePreventionMode': 'EXPIRE_MAKER', 'goodTillDate': 0, 'updateTime': 1782890011274}
2026-07-01 12:46:04,228 - binance_bot - INFO - Init client with base URL: https://testnet.binancefuture.com
2026-07-01 12:46:04,229 - binance_bot - INFO - Placing MARKET BUY order: 0.001 BTCUSDT
2026-07-01 12:46:04,229 - binance_bot - DEBUG - Request parameters: {'symbol': 'BTCUSDT', 'side': 'BUY', 'type': 'MARKET', 'quantity': 0.001}
2026-07-01 12:46:05,372 - binance_bot - INFO - Order placed successfully. ID: 18180274287
2026-07-01 12:46:05,372 - binance_bot - DEBUG - API response: {'orderId': 18180274287, 'symbol': 'BTCUSDT', 'status': 'NEW', 'clientOrderId': 'S457i2Tpb51u8J0h3WJqLT', 'price': '0.00', 'origQty': '0.0010', 'executedQty': '0.0000', 'cumQty': '0.0000', 'timeInForce': 'GTC', 'type': 'MARKET', 'reduceOnly': False, 'closePosition': False, 'side': 'BUY', 'positionSide': 'BOTH', 'stopPrice': '0.00', 'workingType': 'CONTRACT_PRICE', 'priceProtect': False, 'origType': 'MARKET', 'priceMatch': 'NONE', 'selfTradePreventionMode': 'EXPIRE_MAKER', 'goodTillDate': 0, 'updateTime': 1782890165059}
2026-07-01 12:48:58,989 - binance_bot - INFO - Init client with base URL: https://testnet.binancefuture.com
2026-07-01 12:48:58,989 - binance_bot - INFO - Placing MARKET BUY order: 0.001 BTCUSDT
2026-07-01 12:48:58,990 - binance_bot - DEBUG - Request parameters: {'symbol': 'BTCUSDT', 'side': 'BUY', 'type': 'MARKET', 'quantity': 0.001}
2026-07-01 12:49:00,691 - binance_bot - INFO - Order placed successfully. ID: 18180789350
2026-07-01 12:49:00,691 - binance_bot - DEBUG - API response: {'orderId': 18180789350, 'symbol': 'BTCUSDT', 'status': 'NEW', 'clientOrderId': 'F5Z2btxZDfBcPikUzSPL5s', 'price': '0.00', 'origQty': '0.0010', 'executedQty': '0.0000', 'cumQty': '0.0000', 'timeInForce': 'GTC', 'type': 'MARKET', 'reduceOnly': False, 'closePosition': False, 'side': 'BUY', 'positionSide': 'BOTH', 'stopPrice': '0.00', 'workingType': 'CONTRACT_PRICE', 'priceProtect': False, 'origType': 'MARKET', 'priceMatch': 'NONE', 'selfTradePreventionMode': 'EXPIRE_MAKER', 'goodTillDate': 0, 'updateTime': 1782890340362}
2026-07-01 12:49:01,201 - binance_bot - INFO - Init client with base URL: https://testnet.binancefuture.com
2026-07-01 12:49:02,243 - binance_bot - DEBUG - Query response: {'orderId': 18180789350, 'symbol': 'BTCUSDT', 'status': 'FILLED', 'clientOrderId': 'F5Z2btxZDfBcPikUzSPL5s', 'price': '0.00', 'avgPrice': '58682.400000', 'origQty': '0.0010', 'executedQty': '0.0010', 'cumQuote': '58.682400', 'timeInForce': 'GTC', 'type': 'MARKET', 'reduceOnly': False, 'closePosition': False, 'side': 'BUY', 'positionSide': 'BOTH', 'stopPrice': '0.00', 'workingType': 'CONTRACT_PRICE', 'priceProtect': False, 'origType': 'MARKET', 'priceMatch': 'NONE', 'selfTradePreventionMode': 'EXPIRE_MAKER', 'goodTillDate': 0, 'time': 1782890340362, 'updateTime': 1782890340362}
2026-07-01 12:50:37,887 - binance_bot - INFO - Init client with base URL: https://testnet.binancefuture.com
2026-07-01 12:50:37,887 - binance_bot - INFO - Placing MARKET BUY order: 0.001 BTCUSDT
2026-07-01 12:50:37,887 - binance_bot - DEBUG - Request parameters: {'symbol': 'BTCUSDT', 'side': 'BUY', 'type': 'MARKET', 'quantity': 0.001}
2026-07-01 12:50:39,209 - binance_bot - INFO - Order placed successfully. ID: 18181093901
2026-07-01 12:50:39,209 - binance_bot - DEBUG - API response: {'orderId': 18181093901, 'symbol': 'BTCUSDT', 'status': 'NEW', 'clientOrderId': '0bY6TwtxGw5TkSz0AjCQbs', 'price': '0.00', 'origQty': '0.0010', 'executedQty': '0.0000', 'cumQty': '0.0000', 'timeInForce': 'GTC', 'type': 'MARKET', 'reduceOnly': False, 'closePosition': False, 'side': 'BUY', 'positionSide': 'BOTH', 'stopPrice': '0.00', 'workingType': 'CONTRACT_PRICE', 'priceProtect': False, 'origType': 'MARKET', 'priceMatch': 'NONE', 'selfTradePreventionMode': 'EXPIRE_MAKER', 'goodTillDate': 0, 'updateTime': 1782890438877}
2026-07-01 12:50:39,713 - binance_bot - INFO - Init client with base URL: https://testnet.binancefuture.com
2026-07-01 12:50:41,144 - binance_bot - DEBUG - Query response: {'orderId': 18181093901, 'symbol': 'BTCUSDT', 'status': 'FILLED', 'clientOrderId': '0bY6TwtxGw5TkSz0AjCQbs', 'price': '0.00', 'avgPrice': '58685.400000', 'origQty': '0.0010', 'executedQty': '0.0010', 'cumQuote': '58.685400', 'timeInForce': 'GTC', 'type': 'MARKET', 'reduceOnly': False, 'closePosition': False, 'side': 'BUY', 'positionSide': 'BOTH', 'stopPrice': '0.00', 'workingType': 'CONTRACT_PRICE', 'priceProtect': False, 'origType': 'MARKET', 'priceMatch': 'NONE', 'selfTradePreventionMode': 'EXPIRE_MAKER', 'goodTillDate': 0, 'time': 1782890438877, 'updateTime': 1782890438877}
2026-07-01 12:52:50,643 - binance_bot - INFO - Init client with base URL: https://testnet.binancefuture.com
2026-07-01 12:52:50,644 - binance_bot - INFO - Placing MARKET BUY order: 0.001 BTCUSDT
2026-07-01 12:52:50,644 - binance_bot - DEBUG - Request parameters: {'symbol': 'BTCUSDT', 'side': 'BUY', 'type': 'MARKET', 'quantity': 0.001}
2026-07-01 12:52:51,712 - binance_bot - INFO - Order placed successfully. ID: 18181453193
2026-07-01 12:52:51,712 - binance_bot - DEBUG - API response: {'orderId': 18181453193, 'symbol': 'BTCUSDT', 'status': 'NEW', 'clientOrderId': 'hE1c5j0O3pRHAoEapauUtc', 'price': '0.00', 'origQty': '0.0010', 'executedQty': '0.0000', 'cumQty': '0.0000', 'timeInForce': 'GTC', 'type': 'MARKET', 'reduceOnly': False, 'closePosition': False, 'side': 'BUY', 'positionSide': 'BOTH', 'stopPrice': '0.00', 'workingType': 'CONTRACT_PRICE', 'priceProtect': False, 'origType': 'MARKET', 'priceMatch': 'NONE', 'selfTradePreventionMode': 'EXPIRE_MAKER', 'goodTillDate': 0, 'updateTime': 1782890571480}
2026-07-01 12:52:52,215 - binance_bot - INFO - Init client with base URL: https://testnet.binancefuture.com
2026-07-01 12:52:53,363 - binance_bot - DEBUG - Query response: {'orderId': 18181453193, 'symbol': 'BTCUSDT', 'status': 'FILLED', 'clientOrderId': 'hE1c5j0O3pRHAoEapauUtc', 'price': '0.00', 'avgPrice': '58685.600000', 'origQty': '0.0010', 'executedQty': '0.0010', 'cumQuote': '58.685600', 'timeInForce': 'GTC', 'type': 'MARKET', 'reduceOnly': False, 'closePosition': False, 'side': 'BUY', 'positionSide': 'BOTH', 'stopPrice': '0.00', 'workingType': 'CONTRACT_PRICE', 'priceProtect': False, 'origType': 'MARKET', 'priceMatch': 'NONE', 'selfTradePreventionMode': 'EXPIRE_MAKER', 'goodTillDate': 0, 'time': 1782890571480, 'updateTime': 1782890571480}
2026-07-01 12:54:13,228 - binance_bot - INFO - Init client with base URL: https://testnet.binancefuture.com
2026-07-01 12:54:13,228 - binance_bot - INFO - Placing LIMIT BUY order: 2.0 BTCUSDT
2026-07-01 12:54:13,228 - binance_bot - DEBUG - Request parameters: {'symbol': 'BTCUSDT', 'side': 'BUY', 'type': 'LIMIT', 'quantity': 2.0, 'price': 50000.0, 'timeInForce': 'GTC'}
2026-07-01 12:54:14,346 - binance_bot - ERROR - Binance API error: Margin is insufficient. (status_code=400)
2026-07-01 12:58:32,931 - binance_bot - INFO - Init client with base URL: https://testnet.binancefuture.com
2026-07-01 12:58:32,931 - binance_bot - INFO - Placing MARKET BUY order: 0.001 BTCUSDT
2026-07-01 12:58:32,931 - binance_bot - DEBUG - Request parameters: {'symbol': 'BTCUSDT', 'side': 'BUY', 'type': 'MARKET', 'quantity': 0.001}
2026-07-01 12:58:34,070 - binance_bot - INFO - Order placed successfully. ID: 18182451012
2026-07-01 12:58:34,070 - binance_bot - DEBUG - API response: {'orderId': 18182451012, 'symbol': 'BTCUSDT', 'status': 'NEW', 'clientOrderId': '8bkliYuB8H19R9YyKKqVWI', 'price': '0.00', 'origQty': '0.0010', 'executedQty': '0.0000', 'cumQty': '0.0000', 'timeInForce': 'GTC', 'type': 'MARKET', 'reduceOnly': False, 'closePosition': False, 'side': 'BUY', 'positionSide': 'BOTH', 'stopPrice': '0.00', 'workingType': 'CONTRACT_PRICE', 'priceProtect': False, 'origType': 'MARKET', 'priceMatch': 'NONE', 'selfTradePreventionMode': 'EXPIRE_MAKER', 'goodTillDate': 0, 'updateTime': 1782890913824}
2026-07-01 12:58:34,574 - binance_bot - INFO - Init client with base URL: https://testnet.binancefuture.com
2026-07-01 12:58:35,591 - binance_bot - DEBUG - Query response: {'orderId': 18182451012, 'symbol': 'BTCUSDT', 'status': 'FILLED', 'clientOrderId': '8bkliYuB8H19R9YyKKqVWI', 'price': '0.00', 'avgPrice': '58755.800000', 'origQty': '0.0010', 'executedQty': '0.0010', 'cumQuote': '58.755800', 'timeInForce': 'GTC', 'type': 'MARKET', 'reduceOnly': False, 'closePosition': False, 'side': 'BUY', 'positionSide': 'BOTH', 'stopPrice': '0.00', 'workingType': 'CONTRACT_PRICE', 'priceProtect': False, 'origType': 'MARKET', 'priceMatch': 'NONE', 'selfTradePreventionMode': 'EXPIRE_MAKER', 'goodTillDate': 0, 'time': 1782890913824, 'updateTime': 1782890913824}
